[16:04:36] [main/INFO]: Setting user: AshleyW_
[16:04:46] [Client thread/INFO]: LWJGL Version: 2.9.1
[16:07:29] [Client thread/INFO]: Reloading ResourceManager: Default, FMLFileResourcePack:Forge Mod Loader, FMLFileResourcePack:Minecraft Forge, FMLFileResourcePack:Not Enough Items, FMLFileResourcePack:OpenEye, FMLFileResourcePack:Mine & Blade Battlegear 2 - Bullseye, FMLFileResourcePack:Ars Magica 2, FMLFileResourcePack:Achievement Extreme, FMLFileResourcePack:Adventure Backpack, FMLFileResourcePack:AE2 Stuff, FMLFileResourcePack:AgriCraft, FMLFileResourcePack:Alt F4, FMLFileResourcePack:Ancient Trees, FMLFileResourcePack:AnimationAPI, FMLFileResourcePack:Anti Id Conflict, FMLFileResourcePack:Another One Bites The Dust, FMLFileResourcePack:Another One Bites The Dust: Berry Bushes, FMLFileResourcePack:AppleCore, FMLFileResourcePack:Applied Energistics 2, FMLFileResourcePack:Armor Overlay, FMLFileResourcePack:Armourer's Workshop, FMLFileResourcePack:Plushie Wrapper, FMLFileResourcePack:Aura Cascade, FMLFileResourcePack:Automagy, FMLFileResourcePack:Avaritia, FMLFileResourcePack:Avaritiaddons, FMLFileResourcePack:Backpack, FMLFileResourcePack:BD Lib, FMLFileResourcePack:BiblioCraft, FMLFileResourcePack:Big Doors, FMLFileResourcePack:Biomes O' Plenty, FMLFileResourcePack:Blood Arsenal, FMLFileResourcePack:Blood Magic: Alchemical Wizardry, FMLFileResourcePack:Botania, FMLFileResourcePack:Carpenter's Blocks, FMLFileResourcePack:Catwalks Mod, FMLFileResourcePack:Legacy Catwalk Compat, FMLFileResourcePack:ChickenChunks, FMLFileResourcePack:Chisel, FMLFileResourcePack:Chisel Tones, FMLFileResourcePack:CoFH Core, FMLFileResourcePack:Colorblind Helper, FMLFileResourcePack:Companions, FMLFileResourcePack:Cooking for Blockheads, FMLFileResourcePack:CraftHeraldry, FMLFileResourcePack:Crafting Tweaks, FMLFileResourcePack:PTRModelLib, FMLFileResourcePack:Decocraft, FMLFileResourcePack:debug, FMLFileResourcePack:Dense Ores, FMLFileResourcePack:Description Tags, FMLFileResourcePack:Doors, FMLFileResourcePack:DummyCore, FMLFileResourcePack:Enchiridion, FMLFileResourcePack:Enchiridion 2, FMLFileResourcePack:EnderCore, FMLFileResourcePack:Ender IO, FMLFileResourcePack:EnderStorage, FMLFileResourcePack:EnderTanks, FMLFileResourcePack:Equivalence, FMLFileResourcePack:Equivalent Exchange 3, FMLFileResourcePack:Et Futurum, FMLFileResourcePack:EXCore, FMLFileResourcePack:ExtrabiomesXL, FMLFileResourcePack:Extra Carts, FMLFileResourcePack:Extra Cells 2, FMLFileResourcePack:ExtraTiC, FMLFileResourcePack:Extra Utilities, FMLFileResourcePack:Fast Leaf Decay, FMLFileResourcePack:Floocraft, FMLFileResourcePack:Forbidden Magic, FMLFileResourcePack:Forestry for Minecraft, FMLFileResourcePack:Forestry Fermenter Addon, FMLFileResourcePack:Forge Microblocks, FMLFileResourcePack:Forge Multipart, FMLFileResourcePack:Minecraft Multipart Plugin, FMLFileResourcePack:Flaxbeard's Steam Power, FMLFileResourcePack:FTBLib, FMLFileResourcePack:FTBUtilities, FMLFileResourcePack:Funky Locomotion, FMLFileResourcePack:Gadomancy, FMLFileResourcePack:Garden Containers, FMLFileResourcePack:Garden Core, FMLFileResourcePack:Garden Stuff, FMLFileResourcePack:Garden Trees, FMLFileResourcePack:Gear Swap, FMLFileResourcePack:Guide-API, FMLFileResourcePack:Hardcore Ender Expansion, FMLFileResourcePack:Highlands, FMLFileResourcePack:HolographicVictoryMonument, FMLFileResourcePack:Hardcore Questing Mode, FMLFileResourcePack:iChunUtil, FMLFileResourcePack:Iguana Tinker Tweaks, FMLFileResourcePack:Inventory Centerer, FMLFileResourcePack:Inventory Pets, FMLFileResourcePack:Inventory Tweaks, FMLFileResourcePack:Iron Chest, FMLFileResourcePack:JourneyMap, FMLFileResourcePack:Kore Sample, FMLFileResourcePack:Laundarray, FMLFileResourcePack:LunatriusCore, FMLFileResourcePack:Magical Crops: Core, FMLFileResourcePack:Magical Crops: Armoury, FMLFileResourcePack:Magical Crops: Decorative, FMLFileResourcePack:Magic Bees, FMLFileResourcePack:Malisis Advert, FMLFileResourcePack:MalisisCore, FMLFileResourcePack:Malisis' Doors, FMLFileResourcePack:Mantle, FMLFileResourcePack:Marine Technlogy, FMLFileResourcePack:Mariculture, FMLFileResourcePack:Metallurgy 4, FMLFileResourcePack:Metallurgy Chisel, FMLFileResourcePack:Metallurgy Core, FMLFileResourcePack:MineChess, FMLFileResourcePack:Minestones, FMLFileResourcePack:MineTweaker 3, FMLFileResourcePack:MmmMmmMmmMmm, FMLFileResourcePack:Mod Tweaker 2, FMLFileResourcePack:More Backpacks, FMLFileResourcePack:More Chisels, FMLFileResourcePack:Morpheus, FMLFileResourcePack:Natura, FMLFileResourcePack:Natural Absorption, FMLFileResourcePack:Nether Ores, FMLFileResourcePack:Nether Portal Fix, FMLFileResourcePack:NotEnoughIDs, FMLFileResourcePack:Not Enough Resources, FMLFileResourcePack:NotEnoughThaumcraftTabs, FMLFileResourcePack:NOVA, FMLFileResourcePack:OpenBlocks, FMLFileResourcePack:OpenMods, FMLFileResourcePack:Pam's BoneCraft, FMLFileResourcePack:Pam's Clayspawn, FMLFileResourcePack:Pam's HarvestCraft, FMLFileResourcePack:Placeable Gunpowder, FMLFileResourcePack:Railcraft, FMLFileResourcePack:Railcraft Cosmetic Additions, FMLFileResourcePack:Random Things, FMLFileResourcePack:Reliquary, FMLFileResourcePack:libsandstone, FMLFileResourcePack:Remote IO, FMLFileResourcePack:Runes of Wizardry, FMLFileResourcePack:Sanguimancy, FMLFileResourcePack:Sanguine Utilities, FMLFileResourcePack:Schematica, FMLFileResourcePack:ShetiPhian-Core, FMLFileResourcePack:The Spice of Life, FMLFileResourcePack:Storage Drawers, FMLFileResourcePack:Super Crafting Frame, FMLFileResourcePack:TCBotaniaExoflame, FMLFileResourcePack:TC Inventory Scanning, FMLFileResourcePack:TC Node Tracker, FMLFileResourcePack:Tinkers' Construct, FMLFileResourcePack:Thaumcraft, FMLFileResourcePack:Thaumcraft NEI Plugin, FMLFileResourcePack:Thaumic Bases, FMLFileResourcePack:Thaumic Energistics, FMLFileResourcePack:Thaumic Exploration, FMLFileResourcePack:Thaumic Horizons, FMLFileResourcePack:Thaumic Infusion, FMLFileResourcePack:thaumicsanity, FMLFileResourcePack:Thaumic Tinkerer, FMLFileResourcePack:Thermal Foundation, FMLFileResourcePack:Thermal Singularities, FMLFileResourcePack:TiC Tooltips, FMLFileResourcePack:Tinkers' Defense, FMLFileResourcePack:Tinkers' Mechworks, FMLFileResourcePack:TrashSlot, FMLFileResourcePack:Traveller's Gear, FMLFileResourcePack:Thaumic Warden, FMLFileResourcePack:The Twilight Forest, FMLFileResourcePack:vending, FMLFileResourcePack:Waila, FMLFileResourcePack:WAILA-features, FMLFileResourcePack:Waila Harvestability, FMLFileResourcePack:WAILA Plugins, FMLFileResourcePack:Waterproof, FMLFileResourcePack:What Are We Looking At, FMLFileResourcePack:Waystones, FMLFileResourcePack:Witchery, FMLFileResourcePack:Witching Gadgets, FMLFileResourcePack:WorldEdit, FMLFileResourcePack:WorldEdit CUI Forge Edition, FMLFileResourcePack:Ztones, FMLFileResourcePack:Baubles, FMLFileResourcePack:Red Gear Core
[16:07:30] [Client thread/WARN]: ResourcePack: ignored non-lowercase namespace: AchievExtrem in E:\ashle\Documents\Curse\Minecraft\Instances\Magic\mods\achievextrem-1.0.1.jar
[16:07:30] [Client thread/WARN]: ResourcePack: ignored non-lowercase namespace: AchievExtrem in E:\ashle\Documents\Curse\Minecraft\Instances\Magic\mods\achievextrem-1.0.1.jar
[16:07:30] [Client thread/WARN]: ResourcePack: ignored non-lowercase namespace: AchievExtrem in E:\ashle\Documents\Curse\Minecraft\Instances\Magic\mods\achievextrem-1.0.1.jar
[16:07:30] [Client thread/WARN]: ResourcePack: ignored non-lowercase namespace: AchievExtrem in E:\ashle\Documents\Curse\Minecraft\Instances\Magic\mods\achievextrem-1.0.1.jar
[16:07:30] [Client thread/WARN]: ResourcePack: ignored non-lowercase namespace: AchievExtrem in E:\ashle\Documents\Curse\Minecraft\Instances\Magic\mods\achievextrem-1.0.1.jar
[16:07:30] [Client thread/WARN]: ResourcePack: ignored non-lowercase namespace: AchievExtrem in E:\ashle\Documents\Curse\Minecraft\Instances\Magic\mods\achievextrem-1.0.1.jar
[16:07:30] [Client thread/WARN]: ResourcePack: ignored non-lowercase namespace: AchievExtrem in E:\ashle\Documents\Curse\Minecraft\Instances\Magic\mods\achievextrem-1.0.1.jar
[16:07:30] [Client thread/WARN]: ResourcePack: ignored non-lowercase namespace: alchemicalwizardryBooks in E:\ashle\Documents\Curse\Minecraft\Instances\Magic\mods\BloodMagic-1.7.10-1.3.3-17.jar
[16:07:30] [Client thread/WARN]: ResourcePack: ignored non-lowercase namespace: alchemicalwizardryBooks in E:\ashle\Documents\Curse\Minecraft\Instances\Magic\mods\BloodMagic-1.7.10-1.3.3-17.jar
[16:07:30] [Client thread/WARN]: ResourcePack: ignored non-lowercase namespace: alchemicalwizardryBooks in E:\ashle\Documents\Curse\Minecraft\Instances\Magic\mods\BloodMagic-1.7.10-1.3.3-17.jar
[16:07:30] [Client thread/WARN]: ResourcePack: ignored non-lowercase namespace: alchemicalwizardryBooks in E:\ashle\Documents\Curse\Minecraft\Instances\Magic\mods\BloodMagic-1.7.10-1.3.3-17.jar
[16:07:30] [Client thread/WARN]: ResourcePack: ignored non-lowercase namespace: alchemicalwizardryBooks in E:\ashle\Documents\Curse\Minecraft\Instances\Magic\mods\BloodMagic-1.7.10-1.3.3-17.jar
[16:07:30] [Client thread/WARN]: ResourcePack: ignored non-lowercase namespace: alchemicalwizardryBooks in E:\ashle\Documents\Curse\Minecraft\Instances\Magic\mods\BloodMagic-1.7.10-1.3.3-17.jar
[16:07:30] [Client thread/WARN]: ResourcePack: ignored non-lowercase namespace: OceanMonument.txt in E:\ashle\Documents\Curse\Minecraft\Instances\Magic\mods\Et Futurum-1.5.5.jar
[16:07:31] [Client thread/WARN]: ResourcePack: ignored non-lowercase namespace: alchemicalwizardryBooks in E:\ashle\Documents\Curse\Minecraft\Instances\Magic\mods\NOVA-2015-10-09-universal.jar
[16:07:31] [Client thread/WARN]: ResourcePack: ignored non-lowercase namespace: alchemicalwizardryBooks in E:\ashle\Documents\Curse\Minecraft\Instances\Magic\mods\NOVA-2015-10-09-universal.jar
[16:13:26] [Sound Library Loader/INFO]: Sound engine started
[16:13:32] [Client thread/INFO]: Created: 16x16 textures/blocks-atlas
[16:13:38] [Client thread/INFO]: Created: 16x16 textures/items-atlas
[16:18:12] [Client thread/INFO]: Reloading ResourceManager: Default, FMLFileResourcePack:Forge Mod Loader, FMLFileResourcePack:Minecraft Forge, FMLFileResourcePack:Not Enough Items, FMLFileResourcePack:OpenEye, FMLFileResourcePack:Mine & Blade Battlegear 2 - Bullseye, FMLFileResourcePack:Ars Magica 2, FMLFileResourcePack:Achievement Extreme, FMLFileResourcePack:Adventure Backpack, FMLFileResourcePack:AE2 Stuff, FMLFileResourcePack:AgriCraft, FMLFileResourcePack:Alt F4, FMLFileResourcePack:Ancient Trees, FMLFileResourcePack:AnimationAPI, FMLFileResourcePack:Anti Id Conflict, FMLFileResourcePack:Another One Bites The Dust, FMLFileResourcePack:Another One Bites The Dust: Berry Bushes, FMLFileResourcePack:AppleCore, FMLFileResourcePack:Applied Energistics 2, FMLFileResourcePack:Armor Overlay, FMLFileResourcePack:Armourer's Workshop, FMLFileResourcePack:Plushie Wrapper, FMLFileResourcePack:Aura Cascade, FMLFileResourcePack:Automagy, FMLFileResourcePack:Avaritia, FMLFileResourcePack:Avaritiaddons, FMLFileResourcePack:Backpack, FMLFileResourcePack:BD Lib, FMLFileResourcePack:BiblioCraft, FMLFileResourcePack:Big Doors, FMLFileResourcePack:Biomes O' Plenty, FMLFileResourcePack:Blood Arsenal, FMLFileResourcePack:Blood Magic: Alchemical Wizardry, FMLFileResourcePack:Botania, FMLFileResourcePack:Carpenter's Blocks, FMLFileResourcePack:Catwalks Mod, FMLFileResourcePack:Legacy Catwalk Compat, FMLFileResourcePack:ChickenChunks, FMLFileResourcePack:Chisel, FMLFileResourcePack:Chisel Tones, FMLFileResourcePack:CoFH Core, FMLFileResourcePack:Colorblind Helper, FMLFileResourcePack:Companions, FMLFileResourcePack:Cooking for Blockheads, FMLFileResourcePack:CraftHeraldry, FMLFileResourcePack:Crafting Tweaks, FMLFileResourcePack:PTRModelLib, FMLFileResourcePack:Decocraft, FMLFileResourcePack:debug, FMLFileResourcePack:Dense Ores, FMLFileResourcePack:Description Tags, FMLFileResourcePack:Doors, FMLFileResourcePack:DummyCore, FMLFileResourcePack:Enchiridion, FMLFileResourcePack:Enchiridion 2, FMLFileResourcePack:EnderCore, FMLFileResourcePack:Ender IO, FMLFileResourcePack:EnderStorage, FMLFileResourcePack:EnderTanks, FMLFileResourcePack:Equivalence, FMLFileResourcePack:Equivalent Exchange 3, FMLFileResourcePack:Et Futurum, FMLFileResourcePack:EXCore, FMLFileResourcePack:ExtrabiomesXL, FMLFileResourcePack:Extra Carts, FMLFileResourcePack:Extra Cells 2, FMLFileResourcePack:ExtraTiC, FMLFileResourcePack:Extra Utilities, FMLFileResourcePack:Fast Leaf Decay, FMLFileResourcePack:Floocraft, FMLFileResourcePack:Forbidden Magic, FMLFileResourcePack:Forestry for Minecraft, FMLFileResourcePack:Forestry Fermenter Addon, FMLFileResourcePack:Forge Microblocks, FMLFileResourcePack:Forge Multipart, FMLFileResourcePack:Minecraft Multipart Plugin, FMLFileResourcePack:Flaxbeard's Steam Power, FMLFileResourcePack:FTBLib, FMLFileResourcePack:FTBUtilities, FMLFileResourcePack:Funky Locomotion, FMLFileResourcePack:Gadomancy, FMLFileResourcePack:Garden Containers, FMLFileResourcePack:Garden Core, FMLFileResourcePack:Garden Stuff, FMLFileResourcePack:Garden Trees, FMLFileResourcePack:Gear Swap, FMLFileResourcePack:Guide-API, FMLFileResourcePack:Hardcore Ender Expansion, FMLFileResourcePack:Highlands, FMLFileResourcePack:HolographicVictoryMonument, FMLFileResourcePack:Hardcore Questing Mode, FMLFileResourcePack:iChunUtil, FMLFileResourcePack:Iguana Tinker Tweaks, FMLFileResourcePack:Inventory Centerer, FMLFileResourcePack:Inventory Pets, FMLFileResourcePack:Inventory Tweaks, FMLFileResourcePack:Iron Chest, FMLFileResourcePack:JourneyMap, FMLFileResourcePack:Kore Sample, FMLFileResourcePack:Laundarray, FMLFileResourcePack:LunatriusCore, FMLFileResourcePack:Magical Crops: Core, FMLFileResourcePack:Magical Crops: Armoury, FMLFileResourcePack:Magical Crops: Decorative, FMLFileResourcePack:Magic Bees, FMLFileResourcePack:Malisis Advert, FMLFileResourcePack:MalisisCore, FMLFileResourcePack:Malisis' Doors, FMLFileResourcePack:Mantle, FMLFileResourcePack:Marine Technlogy, FMLFileResourcePack:Mariculture, FMLFileResourcePack:Metallurgy 4, FMLFileResourcePack:Metallurgy Chisel, FMLFileResourcePack:Metallurgy Core, FMLFileResourcePack:MineChess, FMLFileResourcePack:Minestones, FMLFileResourcePack:MineTweaker 3, FMLFileResourcePack:MmmMmmMmmMmm, FMLFileResourcePack:Mod Tweaker 2, FMLFileResourcePack:More Backpacks, FMLFileResourcePack:More Chisels, FMLFileResourcePack:Morpheus, FMLFileResourcePack:Natura, FMLFileResourcePack:Natural Absorption, FMLFileResourcePack:Nether Ores, FMLFileResourcePack:Nether Portal Fix, FMLFileResourcePack:NotEnoughIDs, FMLFileResourcePack:Not Enough Resources, FMLFileResourcePack:NotEnoughThaumcraftTabs, FMLFileResourcePack:NOVA, FMLFileResourcePack:OpenBlocks, FMLFileResourcePack:OpenMods, FMLFileResourcePack:Pam's BoneCraft, FMLFileResourcePack:Pam's Clayspawn, FMLFileResourcePack:Pam's HarvestCraft, FMLFileResourcePack:Placeable Gunpowder, FMLFileResourcePack:Railcraft, FMLFileResourcePack:Railcraft Cosmetic Additions, FMLFileResourcePack:Random Things, FMLFileResourcePack:Reliquary, FMLFileResourcePack:libsandstone, FMLFileResourcePack:Remote IO, FMLFileResourcePack:Runes of Wizardry, FMLFileResourcePack:Sanguimancy, FMLFileResourcePack:Sanguine Utilities, FMLFileResourcePack:Schematica, FMLFileResourcePack:ShetiPhian-Core, FMLFileResourcePack:The Spice of Life, FMLFileResourcePack:Storage Drawers, FMLFileResourcePack:Super Crafting Frame, FMLFileResourcePack:TCBotaniaExoflame, FMLFileResourcePack:TC Inventory Scanning, FMLFileResourcePack:TC Node Tracker, FMLFileResourcePack:Tinkers' Construct, FMLFileResourcePack:Thaumcraft, FMLFileResourcePack:Thaumcraft NEI Plugin, FMLFileResourcePack:Thaumic Bases, FMLFileResourcePack:Thaumic Energistics, FMLFileResourcePack:Thaumic Exploration, FMLFileResourcePack:Thaumic Horizons, FMLFileResourcePack:Thaumic Infusion, FMLFileResourcePack:thaumicsanity, FMLFileResourcePack:Thaumic Tinkerer, FMLFileResourcePack:Thermal Foundation, FMLFileResourcePack:Thermal Singularities, FMLFileResourcePack:TiC Tooltips, FMLFileResourcePack:Tinkers' Defense, FMLFileResourcePack:Tinkers' Mechworks, FMLFileResourcePack:TrashSlot, FMLFileResourcePack:Traveller's Gear, FMLFileResourcePack:Thaumic Warden, FMLFileResourcePack:The Twilight Forest, FMLFileResourcePack:vending, FMLFileResourcePack:Waila, FMLFileResourcePack:WAILA Features, FMLFileResourcePack:Waila Harvestability, FMLFileResourcePack:WAILA Plugins, FMLFileResourcePack:Waterproof, FMLFileResourcePack:What Are We Looking At, FMLFileResourcePack:Waystones, FMLFileResourcePack:Witchery, FMLFileResourcePack:Witching Gadgets, FMLFileResourcePack:WorldEdit, FMLFileResourcePack:WorldEdit CUI Forge Edition, FMLFileResourcePack:Ztones, FMLFileResourcePack:Baubles, FMLFileResourcePack:Red Gear Core, Avaritia_Delegate_Pack, Avaritia_Delegate_Pack, XU_Delegate_Pack, XU_Delegate_Pack, XU_Delegate_Pack, FMLFileResourcePack:Carpenter's Blocks Cached Resources, BA_Delegate_Pack
[16:18:12] [Client thread/WARN]: ResourcePack: ignored non-lowercase namespace: AchievExtrem in E:\ashle\Documents\Curse\Minecraft\Instances\Magic\mods\achievextrem-1.0.1.jar
[16:18:12] [Client thread/WARN]: ResourcePack: ignored non-lowercase namespace: AchievExtrem in E:\ashle\Documents\Curse\Minecraft\Instances\Magic\mods\achievextrem-1.0.1.jar
[16:18:12] [Client thread/WARN]: ResourcePack: ignored non-lowercase namespace: AchievExtrem in E:\ashle\Documents\Curse\Minecraft\Instances\Magic\mods\achievextrem-1.0.1.jar
[16:18:12] [Client thread/WARN]: ResourcePack: ignored non-lowercase namespace: AchievExtrem in E:\ashle\Documents\Curse\Minecraft\Instances\Magic\mods\achievextrem-1.0.1.jar
[16:18:12] [Client thread/WARN]: ResourcePack: ignored non-lowercase namespace: AchievExtrem in E:\ashle\Documents\Curse\Minecraft\Instances\Magic\mods\achievextrem-1.0.1.jar
[16:18:12] [Client thread/WARN]: ResourcePack: ignored non-lowercase namespace: AchievExtrem in E:\ashle\Documents\Curse\Minecraft\Instances\Magic\mods\achievextrem-1.0.1.jar
[16:18:12] [Client thread/WARN]: ResourcePack: ignored non-lowercase namespace: AchievExtrem in E:\ashle\Documents\Curse\Minecraft\Instances\Magic\mods\achievextrem-1.0.1.jar
[16:18:12] [Client thread/WARN]: ResourcePack: ignored non-lowercase namespace: alchemicalwizardryBooks in E:\ashle\Documents\Curse\Minecraft\Instances\Magic\mods\BloodMagic-1.7.10-1.3.3-17.jar
[16:18:12] [Client thread/WARN]: ResourcePack: ignored non-lowercase namespace: alchemicalwizardryBooks in E:\ashle\Documents\Curse\Minecraft\Instances\Magic\mods\BloodMagic-1.7.10-1.3.3-17.jar
[16:18:12] [Client thread/WARN]: ResourcePack: ignored non-lowercase namespace: alchemicalwizardryBooks in E:\ashle\Documents\Curse\Minecraft\Instances\Magic\mods\BloodMagic-1.7.10-1.3.3-17.jar
[16:18:12] [Client thread/WARN]: ResourcePack: ignored non-lowercase namespace: alchemicalwizardryBooks in E:\ashle\Documents\Curse\Minecraft\Instances\Magic\mods\BloodMagic-1.7.10-1.3.3-17.jar
[16:18:12] [Client thread/WARN]: ResourcePack: ignored non-lowercase namespace: alchemicalwizardryBooks in E:\ashle\Documents\Curse\Minecraft\Instances\Magic\mods\BloodMagic-1.7.10-1.3.3-17.jar
[16:18:12] [Client thread/WARN]: ResourcePack: ignored non-lowercase namespace: alchemicalwizardryBooks in E:\ashle\Documents\Curse\Minecraft\Instances\Magic\mods\BloodMagic-1.7.10-1.3.3-17.jar
[16:18:12] [Client thread/WARN]: ResourcePack: ignored non-lowercase namespace: OceanMonument.txt in E:\ashle\Documents\Curse\Minecraft\Instances\Magic\mods\Et Futurum-1.5.5.jar
[16:18:13] [Client thread/WARN]: ResourcePack: ignored non-lowercase namespace: alchemicalwizardryBooks in E:\ashle\Documents\Curse\Minecraft\Instances\Magic\mods\NOVA-2015-10-09-universal.jar
[16:18:13] [Client thread/WARN]: ResourcePack: ignored non-lowercase namespace: alchemicalwizardryBooks in E:\ashle\Documents\Curse\Minecraft\Instances\Magic\mods\NOVA-2015-10-09-universal.jar
[16:19:44] [Client thread/INFO]: Created: 4096x2048 textures/blocks-atlas
[16:20:53] [Client thread/INFO]: Created: 4096x4096 textures/items-atlas
[16:20:55] [Sound Library Loader/INFO]: Sound engine started
[16:26:15] [Server thread/INFO]: Starting integrated minecraft server version 1.7.10
[16:26:15] [Server thread/INFO]: Generating keypair
[16:28:03] [Server thread/INFO]: Preparing start region for level 0
[16:28:04] [Server thread/INFO]: Preparing spawn area: 4%
[16:28:05] [Server thread/INFO]: Preparing spawn area: 25%
[16:28:06] [Server thread/INFO]: Preparing spawn area: 33%
[16:28:07] [Server thread/INFO]: Preparing spawn area: 36%
[16:28:08] [Server thread/INFO]: Preparing spawn area: 41%
[16:28:09] [Server thread/INFO]: Preparing spawn area: 50%
[16:28:10] [Server thread/INFO]: Preparing spawn area: 57%
[16:28:12] [Server thread/INFO]: Preparing spawn area: 62%
[16:28:13] [Server thread/INFO]: Preparing spawn area: 69%
[16:28:14] [Server thread/INFO]: Preparing spawn area: 75%
[16:28:15] [Server thread/INFO]: Preparing spawn area: 82%
[16:28:22] [Server thread/INFO]: Changing view distance to 4, from 10
[16:28:25] [Server thread/INFO]: AshleyW_[local:E:0b70da78] logged in with entity id 239 at (-975.8474740862665, 227.0, 396.5307622920846)
[16:28:25] [Server thread/INFO]: AshleyW_ joined the game
[16:28:38] [Client thread/INFO]: [CHAT] Welcome to the server!
[16:30:28] [Client thread/INFO]: [CHAT] InvTweaks: Configuration loaded.
[16:39:29] [Client thread/INFO]: [CHAT] §eJourneyMap:§f Press [§bJ§f]
[16:40:50] [Client thread/WARN]: Failed to load texture: etfuturum:1034862525
java.io.FileNotFoundException: etfuturum:1034862525
	at net.minecraft.client.resources.FallbackResourceManager.func_110536_a(SourceFile:51) ~[bqq.class:?]
	at net.minecraft.client.resources.SimpleReloadableResourceManager.func_110536_a(SimpleReloadableResourceManager.java:67) ~[brg.class:?]
	at net.minecraft.client.renderer.texture.SimpleTexture.func_110551_a(SourceFile:29) ~[bpu.class:?]
	at net.minecraft.client.renderer.texture.TextureManager.func_110579_a(TextureManager.java:89) [bqf.class:?]
	at net.minecraft.client.renderer.texture.TextureManager.func_110577_a(TextureManager.java:45) [bqf.class:?]
	at net.minecraft.client.renderer.entity.Render.func_110776_a(SourceFile:51) [bno.class:?]
	at net.minecraft.client.renderer.entity.Render.func_110777_b(SourceFile:47) [bno.class:?]
	at net.minecraft.client.renderer.entity.RendererLivingEntity.func_77036_a(RendererLivingEntity.java:286) [boh.class:?]
	at net.minecraft.client.renderer.entity.RendererLivingEntity.func_76986_a(RendererLivingEntity.java:149) [boh.class:?]
	at net.minecraft.client.renderer.entity.RenderPlayer.func_76986_a(RenderPlayer.java:158) [bop.class:?]
	at ganymedes01.etfuturum.client.skins.NewRenderPlayer.func_76986_a(NewRenderPlayer.java:56) [NewRenderPlayer.class:?]
	at net.minecraft.client.renderer.entity.RenderPlayer.func_76986_a(RenderPlayer.java:521) [bop.class:?]
	at net.minecraft.client.renderer.entity.RenderManager.func_147939_a(RenderManager.java:293) [bnn.class:?]
	at net.minecraft.client.renderer.entity.RenderManager.func_147940_a(RenderManager.java:276) [bnn.class:?]
	at net.minecraft.client.gui.inventory.GuiInventory.func_147046_a(SourceFile:91) [bfu.class:?]
	at net.minecraft.client.gui.inventory.GuiInventory.func_146976_a(SourceFile:60) [bfu.class:?]
	at net.minecraft.client.gui.inventory.GuiContainer.func_73863_a(GuiContainer.java:78) [bex.class:?]
	at net.minecraft.client.renderer.InventoryEffectRenderer.func_73863_a(InventoryEffectRenderer.java:38) [bfo.class:?]
	at net.minecraft.client.gui.inventory.GuiInventory.func_73863_a(SourceFile:47) [bfu.class:?]
	at net.minecraft.client.renderer.EntityRenderer.func_78480_b(EntityRenderer.java:1061) [blt.class:?]
	at net.minecraft.client.Minecraft.func_71411_J(Minecraft.java:1001) [bao.class:?]
	at net.minecraft.client.Minecraft.func_99999_d(Minecraft.java:898) [bao.class:?]
	at net.minecraft.client.main.Main.main(SourceFile:148) [Main.class:?]
	at sun.reflect.NativeMethodAccessorImpl.invoke0(Native Method) ~[?:1.8.0_25]
	at sun.reflect.NativeMethodAccessorImpl.invoke(NativeMethodAccessorImpl.java:62) ~[?:1.8.0_25]
	at sun.reflect.DelegatingMethodAccessorImpl.invoke(DelegatingMethodAccessorImpl.java:43) ~[?:1.8.0_25]
	at java.lang.reflect.Method.invoke(Method.java:483) ~[?:1.8.0_25]
	at net.minecraft.launchwrapper.Launch.launch(Launch.java:135) [launchwrapper-1.12.jar:?]
	at net.minecraft.launchwrapper.Launch.main(Launch.java:28) [launchwrapper-1.12.jar:?]
[16:41:18] [Server thread/INFO]: Saving and pausing game...
[16:41:19] [Server thread/INFO]: Saving chunks for level 'Copy of Undermine'/Overworld
[16:41:20] [Server thread/INFO]: Saving chunks for level 'Copy of Undermine'/Nether
[16:41:20] [Server thread/INFO]: Saving chunks for level 'Copy of Undermine'/Soul Network Dimension
[16:41:20] [Server thread/INFO]: Saving chunks for level 'Copy of Undermine'/The Last Millenium
[16:41:20] [Server thread/INFO]: Saving chunks for level 'Copy of Undermine'/Outer Lands
[16:41:20] [Server thread/INFO]: Saving chunks for level 'Copy of Undermine'/SpectreWorld
[16:41:20] [Server thread/INFO]: Saving chunks for level 'Copy of Undermine'/Pocket Plane
[16:48:30] [Server thread/INFO]: [AshleyW_: Given [Ancient Sand] * 1 to AshleyW_]
[16:48:30] [Client thread/INFO]: [CHAT] Given [Ancient Sand] * 1 to AshleyW_
[16:48:36] [Server thread/INFO]: [AshleyW_: Given [Rutile Ore] * 1 to AshleyW_]
[16:48:36] [Client thread/INFO]: [CHAT] Given [Rutile Ore] * 1 to AshleyW_
[17:01:25] [Client thread/INFO]: [CHAT] §5§oStrange whispers reveal secrets to you.
[17:04:49] [Server thread/INFO]: Saving and pausing game...
[17:04:49] [Server thread/INFO]: Saving chunks for level 'Copy of Undermine'/Overworld
[17:04:50] [Server thread/INFO]: Saving chunks for level 'Copy of Undermine'/Nether
[17:04:50] [Server thread/INFO]: Saving chunks for level 'Copy of Undermine'/Soul Network Dimension
[17:04:50] [Server thread/INFO]: Saving chunks for level 'Copy of Undermine'/The Last Millenium
[17:04:50] [Server thread/INFO]: Saving chunks for level 'Copy of Undermine'/Outer Lands
[17:04:50] [Server thread/INFO]: Saving chunks for level 'Copy of Undermine'/SpectreWorld
[17:04:50] [Server thread/INFO]: Saving chunks for level 'Copy of Undermine'/Pocket Plane
[17:05:12] [Server thread/INFO]: Stopping server
[17:05:12] [Server thread/INFO]: Saving players
[17:05:13] [Server thread/INFO]: Saving worlds
[17:05:13] [Server thread/INFO]: Saving chunks for level 'Copy of Undermine'/Overworld
[17:05:13] [Server thread/INFO]: Saving chunks for level 'Copy of Undermine'/Nether
[17:05:13] [Server thread/INFO]: Saving chunks for level 'Copy of Undermine'/Soul Network Dimension
[17:05:13] [Server thread/INFO]: Saving chunks for level 'Copy of Undermine'/The Last Millenium
[17:05:13] [Server thread/INFO]: Saving chunks for level 'Copy of Undermine'/Outer Lands
[17:05:13] [Server thread/INFO]: Saving chunks for level 'Copy of Undermine'/SpectreWorld
[17:05:13] [Server thread/INFO]: Saving chunks for level 'Copy of Undermine'/Pocket Plane
[17:08:48] [Client thread/INFO]: Stopping!
